[debug] [2021-01-05T06:40:22.301Z] ----------------------------------------------------------------------
[debug] [2021-01-05T06:40:22.303Z] Command:       /usr/local/bin/node /usr/local/bin/firebase emulators:start
[debug] [2021-01-05T06:40:22.303Z] CLI Version:   9.1.0
[debug] [2021-01-05T06:40:22.303Z] Platform:      darwin
[debug] [2021-01-05T06:40:22.303Z] Node Version:  v12.18.3
[debug] [2021-01-05T06:40:22.304Z] Time:          Mon Jan 04 2021 22:40:22 GMT-0800 (Pacific Standard Time)
[debug] [2021-01-05T06:40:22.305Z] ----------------------------------------------------------------------
[debug] [2021-01-05T06:40:22.305Z] 
[debug] [2021-01-05T06:40:22.307Z] >>> [apiv2][query] GET https://firebase-public.firebaseio.com/cli.json [none]
[debug] [2021-01-05T06:40:22.332Z] > command requires scopes: ["email","openid","https://www.googleapis.com/auth/cloudplatformprojects.readonly","https://www.googleapis.com/auth/firebase","https://www.googleapis.com/auth/cloud-platform"]
[debug] [2021-01-05T06:40:22.333Z] > authorizing via signed-in user
[info] i  emulators: Starting emulators: functions, hosting {"metadata":{"emulator":{"name":"hub"},"message":"Starting emulators: functions, hosting"}}
[debug] [2021-01-05T06:40:22.349Z] [hub] writing locator at /var/folders/bd/c5586c_x67j6vrp49r1y5rg40000gn/T/hub-sabkuah-961f5.json
[warn] ⚠  functions: The following emulators are not running, calls to these services from the Functions emulator will affect production: auth, firestore, database, pubsub {"metadata":{"emulator":{"name":"functions"},"message":"The following emulators are not running, calls to these services from the Functions emulator will affect production: \u001b[1mauth, firestore, database, pubsub\u001b[22m"}}
[info] ✔  functions: Using node@12 from host. {"metadata":{"emulator":{"name":"functions"},"message":"Using node@12 from host."}}
[debug] [2021-01-05T06:40:22.365Z] defaultcredentials: writing to file /Users/sabrina/.config/firebase/swkuah_gmail_com_application_default_credentials.json
[debug] [2021-01-05T06:40:22.368Z] Setting GAC to /Users/sabrina/.config/firebase/swkuah_gmail_com_application_default_credentials.json {"metadata":{"emulator":{"name":"functions"},"message":"Setting GAC to /Users/sabrina/.config/firebase/swkuah_gmail_com_application_default_credentials.json"}}
[debug] [2021-01-05T06:40:22.375Z] > refreshing access token with scopes: ["email","https://www.googleapis.com/auth/cloud-platform","https://www.googleapis.com/auth/cloudplatformprojects.readonly","https://www.googleapis.com/auth/firebase","openid"]
[debug] [2021-01-05T06:40:22.375Z] >>> HTTP REQUEST POST https://www.googleapis.com/oauth2/v3/token  
 <request body omitted>
[debug] [2021-01-05T06:40:22.527Z] <<< HTTP RESPONSE 200 {"expires":"Mon, 01 Jan 1990 00:00:00 GMT","date":"Tue, 05 Jan 2021 06:40:22 GMT","pragma":"no-cache","cache-control":"no-cache, no-store, max-age=0, must-revalidate","content-type":"application/json; charset=utf-8","vary":"X-Origin, Referer, Origin,Accept-Encoding","server":"scaffolding on HTTPServer2","x-xss-protection":"0","x-frame-options":"SAMEORIGIN","x-content-type-options":"nosniff","alt-svc":"h3-29=\":443\"; ma=2592000,h3-T051=\":443\"; ma=2592000,h3-Q050=\":443\"; ma=2592000,h3-Q046=\":443\"; ma=2592000,h3-Q043=\":443\"; ma=2592000,quic=\":443\"; ma=2592000; v=\"46,43\"","accept-ranges":"none","transfer-encoding":"chunked"}
[debug] [2021-01-05T06:40:22.538Z] >>> HTTP REQUEST GET https://firebase.googleapis.com/v1beta1/projects/sabkuah-961f5/webApps/-/config  
 
[debug] [2021-01-05T06:40:22.607Z] <<< [apiv2][status] GET https://firebase-public.firebaseio.com/cli.json 200
[debug] [2021-01-05T06:40:22.608Z] <<< [apiv2][body] GET https://firebase-public.firebaseio.com/cli.json {"cloudBuildErrorAfter":1594252800000,"cloudBuildWarnAfter":1590019200000,"defaultNode10After":1594252800000,"minVersion":"3.0.5","node8DeploysDisabledAfter":1613390400000,"node8RuntimeDisabledAfter":1615809600000,"node8WarnAfter":1600128000000}
[debug] [2021-01-05T06:40:23.262Z] <<< HTTP RESPONSE 200 {"content-type":"application/json; charset=UTF-8","vary":"X-Origin, Referer, Origin,Accept-Encoding","date":"Tue, 05 Jan 2021 06:40:23 GMT","server":"ESF","cache-control":"private","x-xss-protection":"0","x-frame-options":"SAMEORIGIN","x-content-type-options":"nosniff","alt-svc":"h3-29=\":443\"; ma=2592000,h3-T051=\":443\"; ma=2592000,h3-Q050=\":443\"; ma=2592000,h3-Q046=\":443\"; ma=2592000,h3-Q043=\":443\"; ma=2592000,quic=\":443\"; ma=2592000; v=\"46,43\"","accept-ranges":"none","transfer-encoding":"chunked"}
[info] i  hosting: Serving hosting files from: build {"metadata":{"emulator":{"name":"hosting"},"message":"Serving hosting files from: \u001b[1mbuild\u001b[22m"}}
[info] ✔  hosting: Local server: http://localhost:5000 {"metadata":{"emulator":{"name":"hosting"},"message":"Local server: \u001b[4m\u001b[1mhttp://localhost:5000\u001b[22m\u001b[24m"}}
[debug] [2021-01-05T06:40:23.561Z] Ignoring unsupported arg: auto_download {"metadata":{"emulator":{"name":"ui"},"message":"Ignoring unsupported arg: auto_download"}}
[debug] [2021-01-05T06:40:23.561Z] Ignoring unsupported arg: port {"metadata":{"emulator":{"name":"ui"},"message":"Ignoring unsupported arg: port"}}
[debug] [2021-01-05T06:40:23.561Z] Starting Emulator UI with command {"binary":"node","args":["/Users/sabrina/.cache/firebase/emulators/ui-v1.4.1/server.bundle.js"],"optionalArgs":[],"joinArgs":false} {"metadata":{"emulator":{"name":"ui"},"message":"Starting Emulator UI with command {\"binary\":\"node\",\"args\":[\"/Users/sabrina/.cache/firebase/emulators/ui-v1.4.1/server.bundle.js\"],\"optionalArgs\":[],\"joinArgs\":false}"}}
[info] i  ui: Emulator UI logging to ui-debug.log {"metadata":{"emulator":{"name":"ui"},"message":"Emulator UI logging to \u001b[1mui-debug.log\u001b[22m"}}
[debug] [2021-01-05T06:40:23.665Z] Web / API server started at http://localhost:4000
 {"metadata":{"emulator":{"name":"ui"},"message":"Web / API server started at http://localhost:4000\n"}}
[info] i  functions: Watching "/Users/sabrina/Documents/self-Learning/amazon-clone/functions" for Cloud Functions... {"metadata":{"emulator":{"name":"functions"},"message":"Watching \"/Users/sabrina/Documents/self-Learning/amazon-clone/functions\" for Cloud Functions..."}}
[debug] [2021-01-05T06:40:23.834Z] [worker-pool] addWorker(~diagnostic~) {"metadata":{"emulator":{"name":"functions"},"message":"[worker-pool] addWorker(~diagnostic~)"}}
[debug] [2021-01-05T06:40:23.834Z] [worker-pool] Adding worker with key ~diagnostic~, total=1 {"metadata":{"emulator":{"name":"functions"},"message":"[worker-pool] Adding worker with key ~diagnostic~, total=1"}}
[debug] [2021-01-05T06:40:23.834Z] [worker-pool] submitWork(triggerId=) {"metadata":{"emulator":{"name":"functions"},"message":"[worker-pool] submitWork(triggerId=)"}}
[debug] [2021-01-05T06:40:23.835Z] [worker-~diagnostic~-b97f9721-39dc-4aea-a19c-1a9a053467c3]: Assigning socketPath: /var/folders/bd/c5586c_x67j6vrp49r1y5rg40000gn/T/fire_emu_85554.sock {"metadata":{"emulator":{"name":"functions"},"message":"[worker-~diagnostic~-b97f9721-39dc-4aea-a19c-1a9a053467c3]: Assigning socketPath: /var/folders/bd/c5586c_x67j6vrp49r1y5rg40000gn/T/fire_emu_85554.sock"}}
[debug] [2021-01-05T06:40:23.835Z] [worker-~diagnostic~-b97f9721-39dc-4aea-a19c-1a9a053467c3]: BUSY {"metadata":{"emulator":{"name":"functions"},"message":"[worker-~diagnostic~-b97f9721-39dc-4aea-a19c-1a9a053467c3]: BUSY"}}
[debug] [2021-01-05T06:40:23.991Z] [runtime-status] [85554] Functions runtime initialized. {"cwd":"/Users/sabrina/Documents/self-Learning/amazon-clone/functions","node_version":"12.18.3"} {"metadata":{"emulator":{"name":"functions"},"message":"[runtime-status] [85554] Functions runtime initialized. {\"cwd\":\"/Users/sabrina/Documents/self-Learning/amazon-clone/functions\",\"node_version\":\"12.18.3\"}"}}
[debug] [2021-01-05T06:40:23.992Z] [runtime-status] [85554] Disabled runtime features: undefined {"metadata":{"emulator":{"name":"functions"},"message":"[runtime-status] [85554] Disabled runtime features: undefined"}}
[debug] [2021-01-05T06:40:24.002Z] [runtime-status] [85554] Resolved module firebase-admin {"declared":true,"installed":true,"version":"9.4.2","resolution":"/Users/sabrina/Documents/self-Learning/amazon-clone/functions/node_modules/firebase-admin/lib/index.js"} {"metadata":{"emulator":{"name":"functions"},"message":"[runtime-status] [85554] Resolved module firebase-admin {\"declared\":true,\"installed\":true,\"version\":\"9.4.2\",\"resolution\":\"/Users/sabrina/Documents/self-Learning/amazon-clone/functions/node_modules/firebase-admin/lib/index.js\"}"}}
[debug] [2021-01-05T06:40:24.006Z] [runtime-status] [85554] Resolved module firebase-functions {"declared":true,"installed":true,"version":"3.13.0","resolution":"/Users/sabrina/Documents/self-Learning/amazon-clone/functions/node_modules/firebase-functions/lib/index.js"} {"metadata":{"emulator":{"name":"functions"},"message":"[runtime-status] [85554] Resolved module firebase-functions {\"declared\":true,\"installed\":true,\"version\":\"3.13.0\",\"resolution\":\"/Users/sabrina/Documents/self-Learning/amazon-clone/functions/node_modules/firebase-functions/lib/index.js\"}"}}
[debug] [2021-01-05T06:40:24.007Z] [runtime-status] [85554] Resolved module firebase-functions {"declared":true,"installed":true,"version":"3.13.0","resolution":"/Users/sabrina/Documents/self-Learning/amazon-clone/functions/node_modules/firebase-functions/lib/index.js"} {"metadata":{"emulator":{"name":"functions"},"message":"[runtime-status] [85554] Resolved module firebase-functions {\"declared\":true,\"installed\":true,\"version\":\"3.13.0\",\"resolution\":\"/Users/sabrina/Documents/self-Learning/amazon-clone/functions/node_modules/firebase-functions/lib/index.js\"}"}}
[debug] [2021-01-05T06:40:24.009Z] [runtime-status] [85554] Outgoing network have been stubbed. [{"name":"http","status":"mocked"},{"name":"http","status":"mocked"},{"name":"https","status":"mocked"},{"name":"https","status":"mocked"},{"name":"net","status":"mocked"}] {"metadata":{"emulator":{"name":"functions"},"message":"[runtime-status] [85554] Outgoing network have been stubbed. [{\"name\":\"http\",\"status\":\"mocked\"},{\"name\":\"http\",\"status\":\"mocked\"},{\"name\":\"https\",\"status\":\"mocked\"},{\"name\":\"https\",\"status\":\"mocked\"},{\"name\":\"net\",\"status\":\"mocked\"}]"}}
[debug] [2021-01-05T06:40:24.009Z] [runtime-status] [85554] Resolved module firebase-functions {"declared":true,"installed":true,"version":"3.13.0","resolution":"/Users/sabrina/Documents/self-Learning/amazon-clone/functions/node_modules/firebase-functions/lib/index.js"} {"metadata":{"emulator":{"name":"functions"},"message":"[runtime-status] [85554] Resolved module firebase-functions {\"declared\":true,\"installed\":true,\"version\":\"3.13.0\",\"resolution\":\"/Users/sabrina/Documents/self-Learning/amazon-clone/functions/node_modules/firebase-functions/lib/index.js\"}"}}
[debug] [2021-01-05T06:40:24.077Z] [runtime-status] [85554] Checked functions.config() {"config":{}} {"metadata":{"emulator":{"name":"functions"},"message":"[runtime-status] [85554] Checked functions.config() {\"config\":{}}"}}
[debug] [2021-01-05T06:40:24.077Z] [runtime-status] [85554] firebase-functions has been stubbed. {"functionsResolution":{"declared":true,"installed":true,"version":"3.13.0","resolution":"/Users/sabrina/Documents/self-Learning/amazon-clone/functions/node_modules/firebase-functions/lib/index.js"}} {"metadata":{"emulator":{"name":"functions"},"message":"[runtime-status] [85554] firebase-functions has been stubbed. {\"functionsResolution\":{\"declared\":true,\"installed\":true,\"version\":\"3.13.0\",\"resolution\":\"/Users/sabrina/Documents/self-Learning/amazon-clone/functions/node_modules/firebase-functions/lib/index.js\"}}"}}
[debug] [2021-01-05T06:40:24.077Z] [runtime-status] [85554] Resolved module firebase-functions {"declared":true,"installed":true,"version":"3.13.0","resolution":"/Users/sabrina/Documents/self-Learning/amazon-clone/functions/node_modules/firebase-functions/lib/index.js"} {"metadata":{"emulator":{"name":"functions"},"message":"[runtime-status] [85554] Resolved module firebase-functions {\"declared\":true,\"installed\":true,\"version\":\"3.13.0\",\"resolution\":\"/Users/sabrina/Documents/self-Learning/amazon-clone/functions/node_modules/firebase-functions/lib/index.js\"}"}}
[debug] [2021-01-05T06:40:24.078Z] [runtime-status] [85554] Resolved module firebase-admin {"declared":true,"installed":true,"version":"9.4.2","resolution":"/Users/sabrina/Documents/self-Learning/amazon-clone/functions/node_modules/firebase-admin/lib/index.js"} {"metadata":{"emulator":{"name":"functions"},"message":"[runtime-status] [85554] Resolved module firebase-admin {\"declared\":true,\"installed\":true,\"version\":\"9.4.2\",\"resolution\":\"/Users/sabrina/Documents/self-Learning/amazon-clone/functions/node_modules/firebase-admin/lib/index.js\"}"}}
[debug] [2021-01-05T06:40:24.078Z] [runtime-status] [85554] Resolved module firebase-functions {"declared":true,"installed":true,"version":"3.13.0","resolution":"/Users/sabrina/Documents/self-Learning/amazon-clone/functions/node_modules/firebase-functions/lib/index.js"} {"metadata":{"emulator":{"name":"functions"},"message":"[runtime-status] [85554] Resolved module firebase-functions {\"declared\":true,\"installed\":true,\"version\":\"3.13.0\",\"resolution\":\"/Users/sabrina/Documents/self-Learning/amazon-clone/functions/node_modules/firebase-functions/lib/index.js\"}"}}
[debug] [2021-01-05T06:40:24.078Z] [runtime-status] [85554] firebase-admin has been stubbed. {"adminResolution":{"declared":true,"installed":true,"version":"9.4.2","resolution":"/Users/sabrina/Documents/self-Learning/amazon-clone/functions/node_modules/firebase-admin/lib/index.js"}} {"metadata":{"emulator":{"name":"functions"},"message":"[runtime-status] [85554] firebase-admin has been stubbed. {\"adminResolution\":{\"declared\":true,\"installed\":true,\"version\":\"9.4.2\",\"resolution\":\"/Users/sabrina/Documents/self-Learning/amazon-clone/functions/node_modules/firebase-admin/lib/index.js\"}}"}}
[info] ✔  functions[api]: http function initialized (http://localhost:5001/sabkuah-961f5/us-central1/api). {"metadata":{"emulator":{"name":"functions"},"message":"\u001b[1mhttp\u001b[22m function initialized (http://localhost:5001/sabkuah-961f5/us-central1/api)."}}
[info] 
┌─────────────────────────────────────────────────────────────┐
│ ✔  All emulators ready! It is now safe to connect your app. │
│ i  View Emulator UI at http://localhost:4000                │
└─────────────────────────────────────────────────────────────┘

┌───────────┬────────────────┬─────────────────────────────────┐
│ Emulator  │ Host:Port      │ View in Emulator UI             │
├───────────┼────────────────┼─────────────────────────────────┤
│ Functions │ localhost:5001 │ http://localhost:4000/functions │
├───────────┼────────────────┼─────────────────────────────────┤
│ Hosting   │ localhost:5000 │ n/a                             │
└───────────┴────────────────┴─────────────────────────────────┘
  Emulator Hub running at localhost:4400
  Other reserved ports: 4500

Issues? Report them at https://github.com/firebase/firebase-tools/issues and attach the *-debug.log files.
 
[debug] [2021-01-05T06:40:24.407Z] [worker-~diagnostic~-b97f9721-39dc-4aea-a19c-1a9a053467c3]: IDLE {"metadata":{"emulator":{"name":"functions"},"message":"[worker-~diagnostic~-b97f9721-39dc-4aea-a19c-1a9a053467c3]: IDLE"}}
[debug] [2021-01-05T06:40:40.984Z] [work-queue] {"queueLength":1,"workRunningCount":0}
[debug] [2021-01-05T06:40:40.985Z] [work-queue] {"queueLength":0,"workRunningCount":1}
[debug] [2021-01-05T06:40:40.985Z] Accepted request POST /sabkuah-961f5/us-central1/api/payments/create?total=5826 --> api
[debug] [2021-01-05T06:40:40.995Z] [worker-pool] addWorker(api) {"metadata":{"emulator":{"name":"functions"},"message":"[worker-pool] addWorker(api)"}}
[debug] [2021-01-05T06:40:40.995Z] [worker-pool] Adding worker with key api, total=1 {"metadata":{"emulator":{"name":"functions"},"message":"[worker-pool] Adding worker with key api, total=1"}}
[debug] [2021-01-05T06:40:40.995Z] [worker-pool] submitWork(triggerId=api) {"metadata":{"emulator":{"name":"functions"},"message":"[worker-pool] submitWork(triggerId=api)"}}
[debug] [2021-01-05T06:40:40.996Z] [worker-api-c2f54864-405d-45fe-950b-562f612f2dcf]: Assigning socketPath: /var/folders/bd/c5586c_x67j6vrp49r1y5rg40000gn/T/fire_emu_85556.sock {"metadata":{"emulator":{"name":"functions"},"message":"[worker-api-c2f54864-405d-45fe-950b-562f612f2dcf]: Assigning socketPath: /var/folders/bd/c5586c_x67j6vrp49r1y5rg40000gn/T/fire_emu_85556.sock"}}
[debug] [2021-01-05T06:40:40.996Z] [worker-api-c2f54864-405d-45fe-950b-562f612f2dcf]: BUSY {"metadata":{"emulator":{"name":"functions"},"message":"[worker-api-c2f54864-405d-45fe-950b-562f612f2dcf]: BUSY"}}
[debug] [2021-01-05T06:40:41.195Z] [runtime-status] [85556] Functions runtime initialized. {"cwd":"/Users/sabrina/Documents/self-Learning/amazon-clone/functions","node_version":"12.18.3"} {"metadata":{"emulator":{"name":"functions"},"function":{"name":"api"},"message":"[runtime-status] [85556] Functions runtime initialized. {\"cwd\":\"/Users/sabrina/Documents/self-Learning/amazon-clone/functions\",\"node_version\":\"12.18.3\"}"}}
[debug] [2021-01-05T06:40:41.196Z] [runtime-status] [85556] Disabled runtime features: undefined {"metadata":{"emulator":{"name":"functions"},"function":{"name":"api"},"message":"[runtime-status] [85556] Disabled runtime features: undefined"}}
[debug] [2021-01-05T06:40:41.196Z] [runtime-status] [85556] Resolved module firebase-admin {"declared":true,"installed":true,"version":"9.4.2","resolution":"/Users/sabrina/Documents/self-Learning/amazon-clone/functions/node_modules/firebase-admin/lib/index.js"} {"metadata":{"emulator":{"name":"functions"},"function":{"name":"api"},"message":"[runtime-status] [85556] Resolved module firebase-admin {\"declared\":true,\"installed\":true,\"version\":\"9.4.2\",\"resolution\":\"/Users/sabrina/Documents/self-Learning/amazon-clone/functions/node_modules/firebase-admin/lib/index.js\"}"}}
[debug] [2021-01-05T06:40:41.201Z] [runtime-status] [85556] Resolved module firebase-functions {"declared":true,"installed":true,"version":"3.13.0","resolution":"/Users/sabrina/Documents/self-Learning/amazon-clone/functions/node_modules/firebase-functions/lib/index.js"} {"metadata":{"emulator":{"name":"functions"},"function":{"name":"api"},"message":"[runtime-status] [85556] Resolved module firebase-functions {\"declared\":true,\"installed\":true,\"version\":\"3.13.0\",\"resolution\":\"/Users/sabrina/Documents/self-Learning/amazon-clone/functions/node_modules/firebase-functions/lib/index.js\"}"}}
[debug] [2021-01-05T06:40:41.201Z] [runtime-status] [85556] Resolved module firebase-functions {"declared":true,"installed":true,"version":"3.13.0","resolution":"/Users/sabrina/Documents/self-Learning/amazon-clone/functions/node_modules/firebase-functions/lib/index.js"} {"metadata":{"emulator":{"name":"functions"},"function":{"name":"api"},"message":"[runtime-status] [85556] Resolved module firebase-functions {\"declared\":true,\"installed\":true,\"version\":\"3.13.0\",\"resolution\":\"/Users/sabrina/Documents/self-Learning/amazon-clone/functions/node_modules/firebase-functions/lib/index.js\"}"}}
[debug] [2021-01-05T06:40:41.208Z] [runtime-status] [85556] Outgoing network have been stubbed. [{"name":"http","status":"mocked"},{"name":"http","status":"mocked"},{"name":"https","status":"mocked"},{"name":"https","status":"mocked"},{"name":"net","status":"mocked"}] {"metadata":{"emulator":{"name":"functions"},"function":{"name":"api"},"message":"[runtime-status] [85556] Outgoing network have been stubbed. [{\"name\":\"http\",\"status\":\"mocked\"},{\"name\":\"http\",\"status\":\"mocked\"},{\"name\":\"https\",\"status\":\"mocked\"},{\"name\":\"https\",\"status\":\"mocked\"},{\"name\":\"net\",\"status\":\"mocked\"}]"}}
[debug] [2021-01-05T06:40:41.208Z] [runtime-status] [85556] Resolved module firebase-functions {"declared":true,"installed":true,"version":"3.13.0","resolution":"/Users/sabrina/Documents/self-Learning/amazon-clone/functions/node_modules/firebase-functions/lib/index.js"} {"metadata":{"emulator":{"name":"functions"},"function":{"name":"api"},"message":"[runtime-status] [85556] Resolved module firebase-functions {\"declared\":true,\"installed\":true,\"version\":\"3.13.0\",\"resolution\":\"/Users/sabrina/Documents/self-Learning/amazon-clone/functions/node_modules/firebase-functions/lib/index.js\"}"}}
[debug] [2021-01-05T06:40:41.257Z] [runtime-status] [85556] Checked functions.config() {"config":{}} {"metadata":{"emulator":{"name":"functions"},"function":{"name":"api"},"message":"[runtime-status] [85556] Checked functions.config() {\"config\":{}}"}}
[debug] [2021-01-05T06:40:41.258Z] [runtime-status] [85556] firebase-functions has been stubbed. {"functionsResolution":{"declared":true,"installed":true,"version":"3.13.0","resolution":"/Users/sabrina/Documents/self-Learning/amazon-clone/functions/node_modules/firebase-functions/lib/index.js"}} {"metadata":{"emulator":{"name":"functions"},"function":{"name":"api"},"message":"[runtime-status] [85556] firebase-functions has been stubbed. {\"functionsResolution\":{\"declared\":true,\"installed\":true,\"version\":\"3.13.0\",\"resolution\":\"/Users/sabrina/Documents/self-Learning/amazon-clone/functions/node_modules/firebase-functions/lib/index.js\"}}"}}
[debug] [2021-01-05T06:40:41.258Z] [runtime-status] [85556] Resolved module firebase-functions {"declared":true,"installed":true,"version":"3.13.0","resolution":"/Users/sabrina/Documents/self-Learning/amazon-clone/functions/node_modules/firebase-functions/lib/index.js"} {"metadata":{"emulator":{"name":"functions"},"function":{"name":"api"},"message":"[runtime-status] [85556] Resolved module firebase-functions {\"declared\":true,\"installed\":true,\"version\":\"3.13.0\",\"resolution\":\"/Users/sabrina/Documents/self-Learning/amazon-clone/functions/node_modules/firebase-functions/lib/index.js\"}"}}
[debug] [2021-01-05T06:40:41.259Z] [runtime-status] [85556] Resolved module firebase-admin {"declared":true,"installed":true,"version":"9.4.2","resolution":"/Users/sabrina/Documents/self-Learning/amazon-clone/functions/node_modules/firebase-admin/lib/index.js"} {"metadata":{"emulator":{"name":"functions"},"function":{"name":"api"},"message":"[runtime-status] [85556] Resolved module firebase-admin {\"declared\":true,\"installed\":true,\"version\":\"9.4.2\",\"resolution\":\"/Users/sabrina/Documents/self-Learning/amazon-clone/functions/node_modules/firebase-admin/lib/index.js\"}"}}
[debug] [2021-01-05T06:40:41.260Z] [runtime-status] [85556] Resolved module firebase-functions {"declared":true,"installed":true,"version":"3.13.0","resolution":"/Users/sabrina/Documents/self-Learning/amazon-clone/functions/node_modules/firebase-functions/lib/index.js"} {"metadata":{"emulator":{"name":"functions"},"function":{"name":"api"},"message":"[runtime-status] [85556] Resolved module firebase-functions {\"declared\":true,\"installed\":true,\"version\":\"3.13.0\",\"resolution\":\"/Users/sabrina/Documents/self-Learning/amazon-clone/functions/node_modules/firebase-functions/lib/index.js\"}"}}
[debug] [2021-01-05T06:40:41.260Z] [runtime-status] [85556] firebase-admin has been stubbed. {"adminResolution":{"declared":true,"installed":true,"version":"9.4.2","resolution":"/Users/sabrina/Documents/self-Learning/amazon-clone/functions/node_modules/firebase-admin/lib/index.js"}} {"metadata":{"emulator":{"name":"functions"},"function":{"name":"api"},"message":"[runtime-status] [85556] firebase-admin has been stubbed. {\"adminResolution\":{\"declared\":true,\"installed\":true,\"version\":\"9.4.2\",\"resolution\":\"/Users/sabrina/Documents/self-Learning/amazon-clone/functions/node_modules/firebase-admin/lib/index.js\"}}"}}
[debug] [2021-01-05T06:40:41.409Z] [runtime-status] [85556] Trigger "api" has been found, beginning invocation! {"metadata":{"emulator":{"name":"functions"},"function":{"name":"api"},"message":"[runtime-status] [85556] Trigger \"api\" has been found, beginning invocation!"}}
[info] i  functions: Beginning execution of "api" {"metadata":{"emulator":{"name":"functions"},"function":{"name":"api"},"message":"Beginning execution of \"api\""}}
[debug] [2021-01-05T06:40:41.412Z] [runtime-status] [85556] triggerDefinition {"httpsTrigger":{},"name":"api","entryPoint":"api"} {"metadata":{"emulator":{"name":"functions"},"function":{"name":"api"},"message":"[runtime-status] [85556] triggerDefinition {\"httpsTrigger\":{},\"name\":\"api\",\"entryPoint\":\"api\"}"}}
[debug] [2021-01-05T06:40:41.412Z] [runtime-status] [85556] Running api in mode HTTPS {"metadata":{"emulator":{"name":"functions"},"function":{"name":"api"},"message":"[runtime-status] [85556] Running api in mode HTTPS"}}
[debug] [2021-01-05T06:40:41.417Z] [runtime-status] [85556] Attempting to listen to socketPath: /var/folders/bd/c5586c_x67j6vrp49r1y5rg40000gn/T/fire_emu_85556.sock {"metadata":{"emulator":{"name":"functions"},"function":{"name":"api"},"message":"[runtime-status] [85556] Attempting to listen to socketPath: /var/folders/bd/c5586c_x67j6vrp49r1y5rg40000gn/T/fire_emu_85556.sock"}}
[debug] [2021-01-05T06:40:41.425Z] [functions] Runtime ready! Sending request! {"metadata":{"emulator":{"name":"functions"},"message":"[functions] Runtime ready! Sending request!"}}
[debug] [2021-01-05T06:40:41.452Z] [runtime-status] [85556] Ephemeral server handling POST request {"metadata":{"emulator":{"name":"functions"},"function":{"name":"api"},"message":"[runtime-status] [85556] Ephemeral server handling POST request"}}
[info] >  Payment request received for >> 5826 {"user":"Payment request received for >> 5826","metadata":{"emulator":{"name":"functions"},"function":{"name":"api"},"message":"\u001b[90m> \u001b[39m Payment request received for >> 5826"}}
[debug] [2021-01-05T06:40:41.478Z] [runtime-status] [85556] Ephemeral server survived. {"metadata":{"emulator":{"name":"functions"},"function":{"name":"api"},"message":"[runtime-status] [85556] Ephemeral server survived."}}
[info] i  functions: Finished "api" in ~1s {"metadata":{"emulator":{"name":"functions"},"function":{"name":"api"},"message":"Finished \"api\" in ~1s"}}
[debug] [2021-01-05T06:40:41.797Z] [worker-api-c2f54864-405d-45fe-950b-562f612f2dcf]: IDLE {"metadata":{"emulator":{"name":"functions"},"message":"[worker-api-c2f54864-405d-45fe-950b-562f612f2dcf]: IDLE"}}
[debug] [2021-01-05T06:40:41.798Z] [work-queue] {"queueLength":0,"workRunningCount":0}
[debug] [2021-01-05T06:40:58.137Z] [work-queue] {"queueLength":1,"workRunningCount":0}
[debug] [2021-01-05T06:40:58.139Z] [work-queue] {"queueLength":0,"workRunningCount":1}
[debug] [2021-01-05T06:40:58.139Z] Accepted request POST /sabkuah-961f5/us-central1/api/payments/create?total=0 --> api
[debug] [2021-01-05T06:40:58.139Z] [worker-pool] submitWork(triggerId=api) {"metadata":{"emulator":{"name":"functions"},"message":"[worker-pool] submitWork(triggerId=api)"}}
[debug] [2021-01-05T06:40:58.139Z] [worker-api-c2f54864-405d-45fe-950b-562f612f2dcf]: Assigning socketPath: /var/folders/bd/c5586c_x67j6vrp49r1y5rg40000gn/T/fire_emu_85556.sock {"metadata":{"emulator":{"name":"functions"},"message":"[worker-api-c2f54864-405d-45fe-950b-562f612f2dcf]: Assigning socketPath: /var/folders/bd/c5586c_x67j6vrp49r1y5rg40000gn/T/fire_emu_85556.sock"}}
[debug] [2021-01-05T06:40:58.139Z] [worker-api-c2f54864-405d-45fe-950b-562f612f2dcf]: BUSY {"metadata":{"emulator":{"name":"functions"},"message":"[worker-api-c2f54864-405d-45fe-950b-562f612f2dcf]: BUSY"}}
[debug] [2021-01-05T06:40:58.142Z] [runtime-status] [85556] Trigger "api" has been found, beginning invocation! {"metadata":{"emulator":{"name":"functions"},"function":{"name":"api"},"message":"[runtime-status] [85556] Trigger \"api\" has been found, beginning invocation!"}}
[info] i  functions: Beginning execution of "api" {"metadata":{"emulator":{"name":"functions"},"function":{"name":"api"},"message":"Beginning execution of \"api\""}}
[debug] [2021-01-05T06:40:58.142Z] [runtime-status] [85556] triggerDefinition {"httpsTrigger":{},"name":"api","entryPoint":"api"} {"metadata":{"emulator":{"name":"functions"},"function":{"name":"api"},"message":"[runtime-status] [85556] triggerDefinition {\"httpsTrigger\":{},\"name\":\"api\",\"entryPoint\":\"api\"}"}}
[debug] [2021-01-05T06:40:58.142Z] [runtime-status] [85556] Running api in mode HTTPS {"metadata":{"emulator":{"name":"functions"},"function":{"name":"api"},"message":"[runtime-status] [85556] Running api in mode HTTPS"}}
[debug] [2021-01-05T06:40:58.143Z] [runtime-status] [85556] Attempting to listen to socketPath: /var/folders/bd/c5586c_x67j6vrp49r1y5rg40000gn/T/fire_emu_85556.sock {"metadata":{"emulator":{"name":"functions"},"function":{"name":"api"},"message":"[runtime-status] [85556] Attempting to listen to socketPath: /var/folders/bd/c5586c_x67j6vrp49r1y5rg40000gn/T/fire_emu_85556.sock"}}
[debug] [2021-01-05T06:40:58.144Z] [functions] Runtime ready! Sending request! {"metadata":{"emulator":{"name":"functions"},"message":"[functions] Runtime ready! Sending request!"}}
[debug] [2021-01-05T06:40:58.149Z] [runtime-status] [85556] Ephemeral server handling POST request {"metadata":{"emulator":{"name":"functions"},"function":{"name":"api"},"message":"[runtime-status] [85556] Ephemeral server handling POST request"}}
[debug] [2021-01-05T06:40:58.150Z] [runtime-status] [85556] Ephemeral server survived. {"metadata":{"emulator":{"name":"functions"},"function":{"name":"api"},"message":"[runtime-status] [85556] Ephemeral server survived."}}
[info] >  Payment request received for >> 0 {"user":"Payment request received for >> 0","metadata":{"emulator":{"name":"functions"},"function":{"name":"api"},"message":"\u001b[90m> \u001b[39m Payment request received for >> 0"}}
[info] >  (node:85556) UnhandledPromiseRejectionWarning: Error: This value must be greater than or equal to 1. {"user":"(node:85556) UnhandledPromiseRejectionWarning: Error: This value must be greater than or equal to 1.","metadata":{"emulator":{"name":"functions"},"function":{"name":"api"},"message":"\u001b[90m> \u001b[39m (node:85556) UnhandledPromiseRejectionWarning: Error: This value must be greater than or equal to 1."}}
[info] >      at Function.generate (/Users/sabrina/Documents/self-Learning/amazon-clone/functions/node_modules/stripe/lib/Error.js:40:16) {"user":"    at Function.generate (/Users/sabrina/Documents/self-Learning/amazon-clone/functions/node_modules/stripe/lib/Error.js:40:16)","metadata":{"emulator":{"name":"functions"},"function":{"name":"api"},"message":"\u001b[90m> \u001b[39m     at Function.generate (/Users/sabrina/Documents/self-Learning/amazon-clone/functions/node_modules/stripe/lib/Error.js:40:16)"}}
[info] >      at IncomingMessage.<anonymous> (/Users/sabrina/Documents/self-Learning/amazon-clone/functions/node_modules/stripe/lib/StripeResource.js:190:33) {"user":"    at IncomingMessage.<anonymous> (/Users/sabrina/Documents/self-Learning/amazon-clone/functions/node_modules/stripe/lib/StripeResource.js:190:33)","metadata":{"emulator":{"name":"functions"},"function":{"name":"api"},"message":"\u001b[90m> \u001b[39m     at IncomingMessage.<anonymous> (/Users/sabrina/Documents/self-Learning/amazon-clone/functions/node_modules/stripe/lib/StripeResource.js:190:33)"}}
[info] >      at Object.onceWrapper (events.js:421:28) {"user":"    at Object.onceWrapper (events.js:421:28)","metadata":{"emulator":{"name":"functions"},"function":{"name":"api"},"message":"\u001b[90m> \u001b[39m     at Object.onceWrapper (events.js:421:28)"}}
[info] >      at IncomingMessage.emit (events.js:327:22) {"user":"    at IncomingMessage.emit (events.js:327:22)","metadata":{"emulator":{"name":"functions"},"function":{"name":"api"},"message":"\u001b[90m> \u001b[39m     at IncomingMessage.emit (events.js:327:22)"}}
[info] >      at endReadableNT (_stream_readable.js:1220:12) {"user":"    at endReadableNT (_stream_readable.js:1220:12)","metadata":{"emulator":{"name":"functions"},"function":{"name":"api"},"message":"\u001b[90m> \u001b[39m     at endReadableNT (_stream_readable.js:1220:12)"}}
[info] >      at processTicksAndRejections (internal/process/task_queues.js:84:21) {"user":"    at processTicksAndRejections (internal/process/task_queues.js:84:21)","metadata":{"emulator":{"name":"functions"},"function":{"name":"api"},"message":"\u001b[90m> \u001b[39m     at processTicksAndRejections (internal/process/task_queues.js:84:21)"}}
[info] >  (node:85556) UnhandledPromiseRejectionWarning: Unhandled promise rejection. This error originated either by throwing inside of an async function without a catch block, or by rejecting a promise which was not handled with .catch(). To terminate the node process on unhandled promise rejection, use the CLI flag `--unhandled-rejections=strict` (see https://nodejs.org/api/cli.html#cli_unhandled_rejections_mode). (rejection id: 1) {"user":"(node:85556) UnhandledPromiseRejectionWarning: Unhandled promise rejection. This error originated either by throwing inside of an async function without a catch block, or by rejecting a promise which was not handled with .catch(). To terminate the node process on unhandled promise rejection, use the CLI flag `--unhandled-rejections=strict` (see https://nodejs.org/api/cli.html#cli_unhandled_rejections_mode). (rejection id: 1)","metadata":{"emulator":{"name":"functions"},"function":{"name":"api"},"message":"\u001b[90m> \u001b[39m (node:85556) UnhandledPromiseRejectionWarning: Unhandled promise rejection. This error originated either by throwing inside of an async function without a catch block, or by rejecting a promise which was not handled with .catch(). To terminate the node process on unhandled promise rejection, use the CLI flag `--unhandled-rejections=strict` (see https://nodejs.org/api/cli.html#cli_unhandled_rejections_mode). (rejection id: 1)"}}
[info] >  (node:85556) [DEP0018] DeprecationWarning: Unhandled promise rejections are deprecated. In the future, promise rejections that are not handled will terminate the Node.js process with a non-zero exit code. {"user":"(node:85556) [DEP0018] DeprecationWarning: Unhandled promise rejections are deprecated. In the future, promise rejections that are not handled will terminate the Node.js process with a non-zero exit code.","metadata":{"emulator":{"name":"functions"},"function":{"name":"api"},"message":"\u001b[90m> \u001b[39m (node:85556) [DEP0018] DeprecationWarning: Unhandled promise rejections are deprecated. In the future, promise rejections that are not handled will terminate the Node.js process with a non-zero exit code."}}
[warn] ⚠  functions: Your function timed out after ~60s. To configure this timeout, see
      https://firebase.google.com/docs/functions/manage-functions#set_timeout_and_memory_allocation. {"metadata":{"emulator":{"name":"functions"},"function":{"name":"api"},"message":"Your function timed out after ~60s. To configure this timeout, see\n      https://firebase.google.com/docs/functions/manage-functions#set_timeout_and_memory_allocation."}}
[info] >  /usr/local/lib/node_modules/firebase-tools/lib/emulator/functionsEmulatorRuntime.js:638 {"user":"/usr/local/lib/node_modules/firebase-tools/lib/emulator/functionsEmulatorRuntime.js:638","metadata":{"emulator":{"name":"functions"},"function":{"name":"api"},"message":"\u001b[90m> \u001b[39m /usr/local/lib/node_modules/firebase-tools/lib/emulator/functionsEmulatorRuntime.js:638"}}
[info] >              throw new Error("Function timed out."); {"user":"            throw new Error(\"Function timed out.\");","metadata":{"emulator":{"name":"functions"},"function":{"name":"api"},"message":"\u001b[90m> \u001b[39m             throw new Error(\"Function timed out.\");"}}
[info] >              ^ {"user":"            ^","metadata":{"emulator":{"name":"functions"},"function":{"name":"api"},"message":"\u001b[90m> \u001b[39m             ^"}}
[info] >   {"user":"","metadata":{"emulator":{"name":"functions"},"function":{"name":"api"},"message":"\u001b[90m> \u001b[39m "}}
[info] >  Error: Function timed out. {"user":"Error: Function timed out.","metadata":{"emulator":{"name":"functions"},"function":{"name":"api"},"message":"\u001b[90m> \u001b[39m Error: Function timed out."}}
[info] >      at Timeout._onTimeout (/usr/local/lib/node_modules/firebase-tools/lib/emulator/functionsEmulatorRuntime.js:638:19) {"user":"    at Timeout._onTimeout (/usr/local/lib/node_modules/firebase-tools/lib/emulator/functionsEmulatorRuntime.js:638:19)","metadata":{"emulator":{"name":"functions"},"function":{"name":"api"},"message":"\u001b[90m> \u001b[39m     at Timeout._onTimeout (/usr/local/lib/node_modules/firebase-tools/lib/emulator/functionsEmulatorRuntime.js:638:19)"}}
[info] >      at listOnTimeout (internal/timers.js:549:17) {"user":"    at listOnTimeout (internal/timers.js:549:17)","metadata":{"emulator":{"name":"functions"},"function":{"name":"api"},"message":"\u001b[90m> \u001b[39m     at listOnTimeout (internal/timers.js:549:17)"}}
[info] >      at processTimers (internal/timers.js:492:7) {"user":"    at processTimers (internal/timers.js:492:7)","metadata":{"emulator":{"name":"functions"},"function":{"name":"api"},"message":"\u001b[90m> \u001b[39m     at processTimers (internal/timers.js:492:7)"}}
[debug] [2021-01-05T06:41:58.160Z] [worker-api-c2f54864-405d-45fe-950b-562f612f2dcf]: exited {"metadata":{"emulator":{"name":"functions"},"message":"[worker-api-c2f54864-405d-45fe-950b-562f612f2dcf]: exited"}}
[debug] [2021-01-05T06:41:58.160Z] [worker-api-c2f54864-405d-45fe-950b-562f612f2dcf]: FINISHED {"metadata":{"emulator":{"name":"functions"},"message":"[worker-api-c2f54864-405d-45fe-950b-562f612f2dcf]: FINISHED"}}
[debug] [2021-01-05T06:41:58.160Z] [work-queue] {"queueLength":0,"workRunningCount":0}
